<?xml version="1.0" encoding="UTF-8"?>
<!-- Generated by org.testng.reporters.JUnitReportReporter -->
<testsuite hostname="LAPTOP-0M17UIVA" failures="0" tests="4" name="testng.parametrization.DataProviderWithExcelSheet" time="24.252" errors="0" timestamp="2024-07-03T21:20:15 IST" skipped="0">
  <testcase classname="testng.parametrization.DataProviderWithExcelSheet" name="verifyBestInstitute" time="5.835"/>
  <testcase classname="testng.parametrization.DataProviderWithExcelSheet" name="verifyBestInstitute" time="6.632"/>
  <testcase classname="testng.parametrization.DataProviderWithExcelSheet" name="verifyBestInstitute" time="5.735"/>
  <testcase classname="testng.parametrization.DataProviderWithExcelSheet" name="verifyBestInstitute" time="6.050"/>
</testsuite> <!-- testng.parametrization.DataProviderWithExcelSheet -->
